current directory: C:/Users/User/Desktop/ruby/rails_test/vender/bundle/ruby/3.0.0/gems/openssl-3.0.0/ext/openssl
C:/Ruby30-x64/bin/ruby.exe -I C:/Ruby30-x64/lib/ruby/site_ruby/3.0.0 -r ./siteconf20220127-10748-s1nfsb.rb extconf.rb
checking for rb_io_maybe_wait()... no
checking for t_open() in -lnsl... no
checking for socket() in -lsocket... no
checking for -lws2_32... yes
checking for whether -D_FORTIFY_SOURCE=2 is accepted as CFLAGS... yes
checking for whether -fstack-protector is accepted as LDFLAGS... yes
checking for -lssp... yes
checking for openssl/ssl.h... yes
checking for LIBRESSL_VERSION_NUMBER in openssl/opensslv.h... no
checking for OpenSSL version >= 1.0.2... yes
checking for RAND_egd()... no
checking for ENGINE_load_dynamic() in openssl/engine.h... yes
checking for ENGINE_load_4758cca() in openssl/engine.h... no
checking for ENGINE_load_aep() in openssl/engine.h... no
checking for ENGINE_load_atalla() in openssl/engine.h... no
checking for ENGINE_load_chil() in openssl/engine.h... no
checking for ENGINE_load_cswift() in openssl/engine.h... no
checking for ENGINE_load_nuron() in openssl/engine.h... no
checking for ENGINE_load_sureware() in openssl/engine.h... no
checking for ENGINE_load_ubsec() in openssl/engine.h... no
checking for ENGINE_load_padlock() in openssl/engine.h... no
checking for ENGINE_load_capi() in openssl/engine.h... no
checking for ENGINE_load_gmp() in openssl/engine.h... no
checking for ENGINE_load_gost() in openssl/engine.h... no
checking for ENGINE_load_cryptodev() in openssl/engine.h... yes
checking for SSL.ctx in openssl/ssl.h... no
checking for EVP_MD_CTX_new()... yes
checking for EVP_MD_CTX_free()... yes
checking for EVP_MD_CTX_pkey_ctx()... yes
checking for X509_STORE_get_ex_data()... yes
checking for X509_STORE_set_ex_data()... yes
checking for X509_STORE_get_ex_new_index()... no
checking for X509_CRL_get0_signature()... yes
checking for X509_REQ_get0_signature()... yes
checking for X509_REVOKED_get0_serialNumber()... yes
checking for X509_REVOKED_get0_revocationDate()... yes
checking for X509_get0_tbs_sigalg()... yes
checking for X509_STORE_CTX_get0_untrusted()... yes
checking for X509_STORE_CTX_get0_cert()... yes
checking for X509_STORE_CTX_get0_chain()... yes
checking for OCSP_SINGLERESP_get0_id()... yes
checking for SSL_CTX_get_ciphers()... yes
checking for X509_up_ref()... yes
checking for X509_CRL_up_ref()... yes
checking for X509_STORE_up_ref()... yes
checking for SSL_SESSION_up_ref()... yes
checking for EVP_PKEY_up_ref()... yes
checking for SSL_CTX_set_min_proto_version(NULL, 0) in openssl/ssl.h... yes
checking for SSL_CTX_get_security_level()... yes
checking for X509_get0_notBefore()... yes
checking for SSL_SESSION_get_protocol_version()... yes
checking for TS_STATUS_INFO_get0_status()... yes
checking for TS_STATUS_INFO_get0_text()... yes
checking for TS_STATUS_INFO_get0_failure_info()... yes
checking for TS_VERIFY_CTS_set_certs(NULL, NULL) in openssl/ts.h... yes
checking for TS_VERIFY_CTX_set_store()... yes
checking for TS_VERIFY_CTX_add_flags()... yes
checking for TS_RESP_CTX_set_time_cb()... yes
checking for EVP_PBE_scrypt()... yes
checking for SSL_CTX_set_post_handshake_auth()... yes
checking for EVP_PKEY_check()... yes
checking for SSL_set0_tmp_dh_pkey()... no
checking for ERR_get_error_all()... no
checking for TS_VERIFY_CTX_set_certs(NULL, NULL) in openssl/ts.h... no
checking for SSL_CTX_load_verify_file()... no
checking for BN_check_prime()... no
checking for EVP_MD_CTX_get0_md()... no
checking for EVP_MD_CTX_get_pkey_ctx()... no
checking for EVP_PKEY_eq()... no
checking for EVP_PKEY_dup()... no
creating extconf.h
creating Makefile

current directory: C:/Users/User/Desktop/ruby/rails_test/vender/bundle/ruby/3.0.0/gems/openssl-3.0.0/ext/openssl
make DESTDIR\= clean

current directory: C:/Users/User/Desktop/ruby/rails_test/vender/bundle/ruby/3.0.0/gems/openssl-3.0.0/ext/openssl
make DESTDIR\=
generating openssl-x64-mingw32.def
compiling openssl_missing.c
compiling ossl.c
compiling ossl_asn1.c
compiling ossl_bio.c
compiling ossl_bn.c
compiling ossl_cipher.c
compiling ossl_config.c
compiling ossl_digest.c
compiling ossl_engine.c
compiling ossl_hmac.c
compiling ossl_kdf.c
compiling ossl_ns_spki.c
compiling ossl_ocsp.c
compiling ossl_pkcs12.c
compiling ossl_pkcs7.c
compiling ossl_pkey.c
compiling ossl_pkey_dh.c
compiling ossl_pkey_dsa.c
compiling ossl_pkey_ec.c
compiling ossl_pkey_rsa.c
compiling ossl_rand.c
compiling ossl_ssl.c
compiling ossl_ssl_session.c
compiling ossl_ts.c
compiling ossl_x509.c
compiling ossl_x509attr.c
compiling ossl_x509cert.c
compiling ossl_x509crl.c
compiling ossl_x509ext.c
compiling ossl_x509name.c
compiling ossl_x509req.c
compiling ossl_x509revoked.c
compiling ossl_x509store.c
linking shared-object openssl.so

current directory: C:/Users/User/Desktop/ruby/rails_test/vender/bundle/ruby/3.0.0/gems/openssl-3.0.0/ext/openssl
make DESTDIR\= install
/usr/bin/install -c -m 0755 openssl.so ./.gem.20220127-10748-cwc9u8
